[jquery-1.11.0.min.js]
[jquery-migrate-1.2.1.js]
[jquery.easing.1.3.js]
[smoothscroll.js]
[jquery.bgswitcher.js]
[stellar.js]
[jquery.bxslider.js]
[jquery.countdown.js]
[waypoints.min.js]
[bootstrap.min.js]
[jquery.form.js]
[jquery.validate.min.js]
[additional-methods.min.js]
[validate-contact-form.js]
[retina-1.1.0.min.js]
[loader.js]
[jquery-1.11.0.min.js]
[jquery-migrate-1.2.1.js]
[jquery.easing.1.3.js]
[smoothscroll.js]
[jquery.bgswitcher.js]
[stellar.js]
[jquery.bxslider.js]
[jquery.countdown.js]
[waypoints.min.js]
[bootstrap.min.js]
[jquery.form.js]
[jquery.validate.min.js]
[additional-methods.min.js]
[validate-contact-form.js]
[retina-1.1.0.min.js]
[loader.js]
[main.js]
[main.js]
